12/22/2022 11:41 | SampleScene | 0h 0m 21s
12/22/2022 11:51 | Banter_WinterSportResort | 0h 0m 19s
12/25/2022 12:45 | Banter_WinterSportResort | 0h 1m 50s
12/25/2022 12:49 | Banter_WinterSportResort | 0h 2m 25s
12/25/2022 12:55 | Banter_WinterSportResort | 0h 3m 46s
12/25/2022 13:34 | Banter_WinterSportResort | 0h 5m 35s
12/25/2022 19:18 | Banter_WinterSportResort | 0h 5m 34s
12/25/2022 23:11 | Banter_WinterSportResort | 0h 3m 37s
12/28/2022 15:07 | Banter_WinterSportResort | 0h 4m 10s
12/28/2022 15:25 | Banter_WinterSportResort | 0h 3m 3s
12/28/2022 16:18 | Banter_WinterSportResort | 0h 2m 33s
12/28/2022 16:41 | Banter_WinterSportResort | 0h 1m 32s
12/29/2022 12:29 | Banter_WinterSportResort | 0h 1m 37s
12/29/2022 14:10 | Banter_WinterSportResort | 0h 1m 29s
12/29/2022 16:21 | Banter_WinterSportResort | 0h 1m 23s
12/29/2022 16:24 | Banter_WinterSportResort | 0h 1m 25s
12/29/2022 16:27 | Banter_WinterSportResort | 0h 1m 28s
12/29/2022 16:50 | Banter_WinterSportResort | 0h 1m 23s
12/29/2022 16:59 | Banter_WinterSportResort | 0h 1m 32s
12/29/2022 17:04 | Banter_WinterSportResort | 0h 0m 27s
12/29/2022 17:06 | Banter_WinterSportResort | 0h 0m 28s
12/29/2022 17:08 | Banter_WinterSportResort | 0h 0m 29s
12/29/2022 17:10 | Banter_WinterSportResort | 0h 0m 28s
12/29/2022 17:11 | Banter_WinterSportResort | 0h 0m 29s
12/29/2022 17:12 | Banter_WinterSportResort | 0h 0m 29s
12/29/2022 17:15 | Banter_WinterSportResort | 0h 0m 50s
12/31/2022 16:27 | Banter_WinterSportResort | 0h 0m 18s
12/31/2022 16:44 | Banter_WinterSportResort | 0h 0m 15s
12/31/2022 16:46 | Banter_WinterSportResort | 0h 0m 15s
12/31/2022 16:48 | Banter_WinterSportResort | 0h 0m 14s
12/31/2022 17:40 | Banter_WinterSportResort | 0h 0m 13s
12/31/2022 17:49 | Banter_WinterSportResort | 0h 0m 13s
12/31/2022 18:31 | Banter_WinterSportResort | 0h 0m 14s
12/31/2022 18:33 | Banter_WinterSportResort | 0h 0m 13s
12/31/2022 19:11 | Banter_WinterSportResort | 0h 0m 20s
12/31/2022 21:28 | Banter_WinterSportResort | 0h 0m 15s
12/31/2022 21:30 | Banter_WinterSportResort | 0h 0m 13s
12/31/2022 21:32 | Banter_WinterSportResort | 0h 0m 13s
12/31/2022 21:35 | Banter_WinterSportResort | 0h 0m 12s
12/31/2022 23:12 | Banter_WinterSportResort | 0h 0m 13s
12/31/2022 23:14 | Banter_WinterSportResort | 0h 0m 12s
12/31/2022 23:17 | Banter_WinterSportResort | 0h 0m 11s
12/31/2022 23:29 | Banter_WinterSportResort | 0h 0m 12s
01/01/2023 01:31 | Banter_WinterSportResort | 0h 0m 15s
01/01/2023 01:33 | Banter_WinterSportResort | 0h 1m 26s
01/01/2023 01:36 | Banter_WinterSportResort | 0h 1m 39s
01/01/2023 01:38 | Banter_WinterSportResort | 0h 1m 32s
01/01/2023 01:41 | Banter_WinterSportResort | 0h 1m 34s
01/01/2023 01:43 | Banter_WinterSportResort | 0h 1m 35s
01/01/2023 01:45 | Banter_WinterSportResort | 0h 1m 28s
01/01/2023 01:47 | Banter_WinterSportResort | 0h 1m 35s
01/01/2023 01:58 | Banter_WinterSportResort | 0h 1m 26s
01/01/2023 11:27 | Banter_WinterSportResort | 0h 1m 43s
01/01/2023 11:32 | Banter_WinterSportResort | 0h 1m 37s
01/01/2023 11:35 | Banter_WinterSportResort | 0h 1m 35s
01/01/2023 14:35 | Banter_WinterSportResort | 0h 4m 40s
01/01/2023 15:04 | Banter_WinterSportResort | 0h 2m 13s
01/01/2023 15:13 | Banter_WinterSportResort | 0h 2m 13s
01/01/2023 15:26 | Banter_WinterSportResort | 0h 2m 9s
01/01/2023 15:42 | Banter_WinterSportResort | 0h 2m 14s
01/01/2023 15:58 | Banter_WinterSportResort | 0h 2m 22s
01/01/2023 17:25 | Banter_WinterSportResort | 0h 1m 39s
01/01/2023 17:41 | Banter_WinterSportResort | 0h 1m 4s
01/01/2023 17:51 | Banter_WinterSportResort | 0h 1m 3s
01/01/2023 17:56 | Banter_WinterSportResort | 0h 0m 57s
01/01/2023 18:01 | Banter_WinterSportResort | 0h 1m 25s
01/01/2023 18:04 | Banter_WinterSportResort | 0h 1m 44s
01/01/2023 18:08 | Banter_WinterSportResort | 0h 1m 30s
01/01/2023 18:35 | Banter_WinterSportResort | 0h 2m 26s
01/01/2023 18:39 | Banter_WinterSportResort | 0h 2m 40s
01/01/2023 18:44 | Banter_WinterSportResort | 0h 2m 34s
01/01/2023 19:06 | Banter_WinterSportResort | 0h 2m 10s
01/01/2023 19:09 | Banter_WinterSportResort | 0h 2m 19s
01/01/2023 19:21 | Banter_WinterSportResort | 0h 2m 44s
01/01/2023 19:34 | Banter_WinterSportResort | 0h 2m 32s
01/01/2023 21:18 | Banter_WinterSportResort | 0h 2m 2s
01/01/2023 21:22 | Banter_WinterSportResort | 0h 2m 6s
01/02/2023 11:05 | Banter_WinterSportResort | 0h 2m 9s
01/02/2023 12:17 | Banter_WinterSportResort | 0h 2m 6s
01/02/2023 12:30 | Banter_WinterSportResort | 0h 2m 18s
01/02/2023 12:40 | Banter_WinterSportResort | 0h 2m 24s
01/02/2023 12:54 | Banter_WinterSportResort | 0h 2m 11s
01/02/2023 13:21 | Banter_WinterSportResort | 0h 2m 10s
01/02/2023 13:30 | Banter_WinterSportResort | 0h 2m 4s
01/02/2023 13:36 | Banter_WinterSportResort | 0h 2m 6s
01/02/2023 14:18 | Banter_WinterSportResort | 0h 2m 7s
01/02/2023 14:40 | Banter_WinterSportResort | 0h 2m 11s
01/02/2023 15:27 | Banter_WinterSportResort | 0h 2m 18s
01/02/2023 16:12 | Banter_WinterSportResort | 0h 1m 35s
01/02/2023 16:44 | Banter_WinterSportResort | 0h 2m 21s
01/02/2023 17:16 | Banter_WinterSportResort | 0h 2m 2s
01/02/2023 17:43 | Banter_WinterSportResort | 0h 2m 6s
01/02/2023 21:42 | Banter_WinterSportResort | 0h 2m 23s
01/02/2023 21:47 | Banter_WinterSportResort | 0h 2m 38s
01/02/2023 21:59 | Banter_WinterSportResort | 0h 2m 33s
01/02/2023 22:08 | Banter_WinterSportResort | 0h 2m 11s
01/02/2023 22:35 | Banter_WinterSportResort | 0h 2m 11s
01/02/2023 22:45 | Banter_WinterSportResort | 0h 2m 34s
01/06/2023 00:45 | Banter_WinterSportResort | 0h 2m 3s
01/06/2023 01:22 | Banter_WinterSportResort | 0h 2m 4s
01/06/2023 01:27 | Banter_WinterSportResort | 0h 2m 5s
01/06/2023 10:00 | Banter_WinterSportResort | 0h 2m 36s
01/06/2023 10:16 | Banter_WinterSportResort | 0h 2m 17s
01/06/2023 10:27 | Banter_WinterSportResort | 0h 2m 25s
01/06/2023 10:39 | Banter_WinterSportResort | 0h 2m 4s
01/06/2023 10:53 | Banter_WinterSportResort | 0h 2m 26s
01/06/2023 11:37 | Banter_WinterSportResort | 0h 3m 47s
01/06/2023 11:59 | Banter_WinterSportResort | 0h 3m 30s
01/06/2023 14:51 | Banter_WinterSportResort | 0h 6m 22s
01/06/2023 16:52 | Banter_WinterSportResort | 0h 3m 58s
01/06/2023 17:13 | Banter_WinterSportResort | 0h 4m 52s
01/06/2023 17:28 | Banter_WinterSportResort | 0h 3m 47s
01/06/2023 17:45 | Banter_WinterSportResort | 0h 4m 36s
01/06/2023 18:26 | Banter_WinterSportResort | 0h 4m 18s
01/06/2023 18:39 | Banter_WinterSportResort | 0h 4m 25s
01/06/2023 18:48 | Banter_WinterSportResort | 0h 2m 16s
01/06/2023 18:54 | Banter_WinterSportResort | 0h 3m 25s
01/06/2023 19:23 | Banter_WinterSportResort | 0h 3m 32s
01/06/2023 19:46 | Banter_WinterSportResort | 0h 4m 29s
01/06/2023 20:14 | Banter_WinterSportResort | 0h 3m 28s
01/06/2023 20:58 | Banter_WinterSportResort | 0h 2m 21s
01/06/2023 21:02 | Banter_WinterSportResort | 0h 2m 18s
01/06/2023 21:21 | Banter_WinterSportResort | 0h 3m 23s
01/07/2023 01:11 | Banter_WinterSportResort | 0h 2m 10s
01/07/2023 01:26 | Banter_WinterSportResort | 0h 2m 12s
01/07/2023 01:54 | Banter_WinterSportResort | 0h 2m 11s
01/07/2023 02:03 | Banter_WinterSportResort | 0h 2m 2s
01/07/2023 02:19 | Banter_WinterSportResort | 0h 2m 13s
01/07/2023 02:46 | Banter_WinterSportResort | 0h 2m 21s
01/07/2023 11:20 | Banter_WinterSportResort | 0h 1m 28s
01/07/2023 11:56 | Banter_WinterSportResort | 0h 1m 59s
01/07/2023 12:39 | Banter_WinterSportResort | 0h 2m 29s
01/07/2023 13:18 | Banter_WinterSportResort | 0h 2m 11s
01/07/2023 15:47 | Banter_WinterSportResort | 0h 2m 16s
01/07/2023 15:58 | Banter_WinterSportResort | 0h 2m 41s
01/07/2023 17:38 | Banter_WinterSportResort | 0h 2m 16s
01/07/2023 18:32 | Banter_WinterSportResort | 0h 2m 11s
01/07/2023 19:20 | Banter_WinterSportResort | 0h 2m 16s
01/07/2023 20:31 | Banter_WinterSportResort | 0h 2m 25s
01/07/2023 22:16 | Banter_WinterSportResort | 0h 2m 30s
01/07/2023 23:31 | Banter_WinterSportResort | 0h 2m 11s
01/08/2023 12:01 | Banter_WinterSportResort | 0h 2m 12s
01/08/2023 12:07 | Banter_WinterSportResort | 0h 2m 11s
01/08/2023 12:44 | Banter_WinterSportResort | 0h 1m 58s
01/08/2023 13:35 | Banter_WinterSportResort | 0h 2m 6s
01/08/2023 13:39 | Banter_WinterSportResort | 0h 2m 5s
01/08/2023 13:47 | Banter_WinterSportResort | 0h 2m 57s
01/08/2023 15:11 | Banter_WinterSportResort | 0h 3m 10s
01/08/2023 15:26 | Banter_WinterSportResort | 0h 3m 4s
01/08/2023 15:39 | Banter_WinterSportResort | 0h 2m 4s
01/08/2023 16:14 | Banter_WinterSportResort | 0h 1m 56s
01/08/2023 16:17 | Banter_WinterSportResort | 0h 2m 1s
01/08/2023 16:32 | Banter_WinterSportResort | 0h 1m 58s
01/08/2023 16:39 | Banter_WinterSportResort | 0h 2m 13s
01/08/2023 16:59 | Banter_WinterSportResort | 0h 2m 1s
01/08/2023 17:11 | Banter_WinterSportResort | 0h 2m 8s
01/08/2023 17:33 | Banter_WinterSportResort | 0h 2m 21s
01/08/2023 17:44 | Banter_WinterSportResort | 0h 2m 24s
01/08/2023 18:00 | Banter_WinterSportResort | 0h 2m 0s
01/08/2023 19:24 | Banter_WinterSportResort | 0h 2m 2s
01/08/2023 19:39 | Banter_WinterSportResort | 0h 2m 2s
01/08/2023 20:06 | Banter_WinterSportResort | 0h 2m 13s
01/08/2023 20:11 | Banter_WinterSportResort | 0h 1m 59s
01/08/2023 20:24 | Banter_WinterSportResort | 0h 1m 58s
01/08/2023 20:34 | Banter_WinterSportResort | 0h 2m 3s
01/08/2023 20:48 | Banter_WinterSportResort | 0h 2m 55s
01/08/2023 21:56 | Banter_WinterSportResort | 0h 3m 38s
01/08/2023 22:14 | Banter_WinterSportResort | 0h 3m 4s
01/08/2023 22:26 | Banter_WinterSportResort | 0h 3m 12s
01/08/2023 22:31 | Banter_WinterSportResort | 0h 3m 0s
01/09/2023 00:35 | Banter_WinterSportResort | 0h 3m 19s
01/10/2023 18:13 | Banter_WinterSportResort | 0h 3m 20s
01/10/2023 18:22 | Banter_WinterSportResort | 0h 3m 38s
01/10/2023 18:46 | Banter_WinterSportResort | 0h 11m 45s
01/10/2023 18:56 | Banter_WinterSportResort | 0h 4m 39s
01/10/2023 20:05 | Banter_WinterSportResort | 0h 2m 28s
01/10/2023 20:16 | Banter_WinterSportResort | 0h 3m 49s
01/10/2023 21:23 | Banter_WinterSportResort | 0h 3m 22s
01/10/2023 22:15 | Banter_WinterSportResort | 0h 2m 14s
01/10/2023 23:52 | Banter_WinterSportResort | 0h 2m 12s
01/11/2023 18:36 | Banter_WinterSportResort | 0h 2m 18s
01/11/2023 18:41 | Banter_WinterSportResort | 0h 2m 30s
01/11/2023 18:47 | Banter_WinterSportResort | 0h 2m 16s
01/11/2023 18:50 | Banter_WinterSportResort | 0h 2m 14s
01/11/2023 18:54 | Banter_WinterSportResort | 0h 2m 28s
01/11/2023 18:57 | Banter_WinterSportResort | 0h 2m 22s
01/11/2023 19:15 | Banter_WinterSportResort | 0h 2m 27s
01/11/2023 19:30 | Banter_WinterSportResort | 0h 2m 8s
01/11/2023 20:21 | Banter_WinterSportResort | 0h 3m 18s
01/11/2023 22:50 | Banter_WinterSportResort | 0h 3m 41s
01/11/2023 23:02 | Banter_WinterSportResort | 0h 3m 32s
01/12/2023 00:03 | Banter_WinterSportResort | 0h 3m 24s
01/12/2023 21:11 | Banter_WinterSportResort | 0h 2m 44s
01/12/2023 21:23 | Banter_WinterSportResort | 0h 2m 26s
01/12/2023 21:29 | Banter_WinterSportResort | 0h 2m 29s
01/12/2023 22:11 | Banter_WinterSportResort | 0h 2m 42s
01/12/2023 22:41 | Banter_WinterSportResort | 0h 2m 23s
01/12/2023 22:48 | Banter_WinterSportResort | 0h 2m 49s
01/12/2023 23:16 | Banter_WinterSportResort | 0h 2m 43s
01/12/2023 23:20 | Banter_WinterSportResort | 0h 2m 27s
01/12/2023 23:50 | Banter_WinterSportResort | 0h 2m 19s
01/13/2023 00:23 | Banter_WinterSportResort | 0h 2m 14s
01/13/2023 18:52 | Banter_WinterSportResort | 0h 2m 34s
01/13/2023 19:00 | Banter_WinterSportResort | 0h 3m 33s
01/13/2023 19:35 | Banter_WinterSportResort | 0h 4m 4s
01/13/2023 20:14 | Banter_WinterSportResort | 0h 7m 47s
01/13/2023 20:55 | Banter_WinterSportResort | 0h 2m 31s
01/13/2023 21:14 | Banter_WinterSportResort | 0h 2m 44s
01/13/2023 21:30 | Banter_WinterSportResort | 0h 3m 6s
01/13/2023 21:56 | Banter_WinterSportResort | 0h 9m 17s
01/13/2023 22:13 | Banter_WinterSportResort | 0h 2m 30s
01/13/2023 23:01 | Banter_WinterSportResort | 0h 2m 33s
01/13/2023 23:15 | Banter_WinterSportResort | 0h 2m 30s
01/14/2023 00:04 | Banter_WinterSportResort | 0h 7m 38s
01/14/2023 00:30 | Banter_WinterSportResort | 0h 7m 14s
01/14/2023 00:36 | Banter_WinterSportResort | 0h 3m 28s
01/14/2023 00:54 | Banter_WinterSportResort | 0h 2m 43s
01/14/2023 01:11 | Banter_WinterSportResort | 0h 6m 9s
01/14/2023 01:19 | Banter_WinterSportResort | 0h 6m 11s
01/14/2023 01:25 | Banter_WinterSportResort | 0h 2m 39s
01/14/2023 01:31 | Banter_WinterSportResort | 0h 2m 48s
01/14/2023 01:35 | Banter_WinterSportResort | 0h 2m 46s
01/14/2023 01:47 | Banter_WinterSportResort | 0h 2m 39s
01/14/2023 02:08 | Banter_WinterSportResort | 0h 15m 29s
01/14/2023 11:06 | Banter_WinterSportResort | 0h 2m 36s
01/14/2023 11:15 | Banter_WinterSportResort | 0h 2m 49s
01/14/2023 11:41 | Banter_WinterSportResort | 0h 2m 36s
01/14/2023 11:44 | Banter_WinterSportResort | 0h 2m 36s
01/14/2023 11:58 | Banter_WinterSportResort | 0h 2m 34s
01/14/2023 12:08 | Banter_WinterSportResort | 0h 2m 41s
01/14/2023 12:21 | Banter_WinterSportResort | 0h 2m 31s
01/14/2023 12:50 | Banter_WinterSportResort | 0h 18m 48s
01/14/2023 15:51 | Banter_WinterSportResort | 0h 2m 49s
01/14/2023 15:56 | Banter_WinterSportResort | 0h 3m 2s
01/14/2023 16:04 | Banter_WinterSportResort | 0h 2m 42s
01/14/2023 16:08 | Banter_WinterSportResort | 0h 2m 47s
01/14/2023 16:19 | Banter_WinterSportResort | 0h 2m 30s
01/14/2023 16:29 | Banter_WinterSportResort | 0h 2m 38s
01/14/2023 16:36 | Banter_WinterSportResort | 0h 2m 42s
01/14/2023 16:48 | Banter_WinterSportResort | 0h 2m 48s
01/14/2023 17:04 | Banter_WinterSportResort | 0h 2m 25s
01/14/2023 17:22 | Banter_WinterSportResort | 0h 1m 22s
01/14/2023 17:31 | Banter_WinterSportResort | 0h 1m 27s
01/14/2023 17:33 | Banter_WinterSportResort | 0h 1m 30s
01/14/2023 17:37 | Banter_WinterSportResort | 0h 1m 25s
01/14/2023 17:49 | Banter_WinterSportResort | 0h 1m 26s
01/14/2023 17:54 | Banter_WinterSportResort | 0h 1m 31s
01/14/2023 18:03 | Banter_WinterSportResort | 0h 1m 23s
01/14/2023 18:07 | Banter_WinterSportResort | 0h 1m 32s
01/14/2023 18:32 | Banter_WinterSportResort | 0h 11m 41s
01/14/2023 20:11 | Banter_WinterSportResort | 0h 11m 22s
01/14/2023 20:29 | Banter_WinterSportResort | 0h 12m 10s
01/14/2023 20:54 | Banter_WinterSportResort | 0h 2m 3s
01/14/2023 21:14 | Banter_WinterSportResort | 0h 1m 31s
01/14/2023 21:18 | Banter_WinterSportResort | 0h 1m 33s
01/14/2023 21:22 | Banter_WinterSportResort | 0h 1m 28s
01/14/2023 22:55 | Banter_WinterSportResort | 0h 1m 34s
01/14/2023 23:14 | Banter_WinterSportResort | 0h 1m 44s
01/14/2023 23:17 | Banter_WinterSportResort | 0h 1m 42s
01/14/2023 23:57 | Banter_WinterSportResort | 0h 1m 39s
01/15/2023 00:05 | Banter_WinterSportResort | 0h 1m 37s
01/15/2023 00:46 | Banter_WinterSportResort | 0h 13m 52s
01/15/2023 10:13 | Banter_WinterSportResort | 0h 1m 35s
01/15/2023 10:19 | Banter_WinterSportResort | 0h 1m 36s
01/15/2023 10:40 | Banter_WinterSportResort | 0h 1m 35s
01/15/2023 11:08 | Banter_WinterSportResort | 0h 1m 42s
01/15/2023 12:00 | Banter_WinterSportResort | 0h 1m 36s
01/15/2023 12:16 | Banter_WinterSportResort | 0h 8m 25s
01/15/2023 13:48 | Banter_WinterSportResort | 0h 4m 34s
01/15/2023 16:31 | Banter_WinterSportResort | 0h 7m 39s
01/15/2023 17:05 | Banter_WinterSportResort | 0h 7m 22s
01/15/2023 18:02 | Banter_WinterSportResort | 0h 7m 21s
01/15/2023 18:55 | Banter_WinterSportResort | 0h 9m 28s
01/15/2023 18:58 | Banter_WinterSportResort | 0h 1m 40s
01/15/2023 20:19 | Banter_WinterSportResort | 0h 8m 38s
01/15/2023 20:55 | Banter_WinterSportResort | 0h 8m 15s
01/15/2023 21:11 | Banter_WinterSportResort | 0h 8m 11s
01/15/2023 22:10 | STACK | 0h 0m 16s
01/15/2023 22:11 | STACK | 0h 0m 55s
01/15/2023 22:34 | STACK | 0h 1m 13s
01/15/2023 22:35 | STACK | 0h 0m 18s
01/15/2023 22:38 | STACK | 0h 0m 19s
01/15/2023 22:49 | STACK | 0h 0m 18s
01/15/2023 22:50 | STACK | 0h 0m 18s
01/15/2023 23:30 | Outset_Island | 0h 2m 29s
01/15/2023 23:35 | Outset_Island | 0h 2m 27s
01/16/2023 20:59 | Banter_WinterSportResort | 0h 4m 32s
01/16/2023 23:50 | Banter_WinterSportResort | 0h 4m 24s
01/18/2023 19:18 | Outset_Island | 0h 1m 37s
01/18/2023 19:23 | Outset_Island | 0h 1m 56s
01/18/2023 19:33 | Outset_Island | 0h 5m 10s
01/18/2023 19:53 | Outset_Island | 0h 0m 22s
01/18/2023 19:58 | Outset_Island | 0h 0m 22s
01/18/2023 20:02 | Outset_Island | 0h 0m 23s
01/18/2023 20:03 | Outset_Island | 0h 0m 22s
01/18/2023 20:09 | Outset_Island | 0h 0m 15s
01/18/2023 20:11 | Outset_Island | 0h 0m 22s
01/18/2023 20:17 | Outset_Island | 0h 0m 39s
01/18/2023 20:19 | Outset_Island | 0h 0m 41s
01/18/2023 20:22 | Outset_Island | 0h 0m 41s
01/18/2023 20:50 | Outset_Island | 0h 2m 32s
01/18/2023 20:57 | Outset_Island | 0h 4m 30s
01/18/2023 23:02 | Outset_Island | 0h 0m 27s
01/18/2023 23:03 | Outset_Island | 0h 0m 27s
01/19/2023 21:01 | Outset_Island | 0h 0m 29s
01/19/2023 22:53 | Outset_Island | 0h 0m 30s
01/19/2023 22:59 | Outset_Island | 0h 0m 30s
01/19/2023 23:03 | Outset_Island | 0h 2m 35s
01/19/2023 23:22 | Outset_Island | 0h 0m 30s
01/19/2023 23:42 | Outset_Island | 0h 0m 30s
01/19/2023 23:44 | Outset_Island | 0h 0m 31s
01/19/2023 23:53 | Outset_Island | 0h 0m 30s
01/20/2023 00:02 | Outset_Island | 0h 0m 30s
01/20/2023 00:57 | Outset_Island | 0h 0m 30s
01/20/2023 00:59 | Outset_Island | 0h 0m 30s
01/20/2023 01:00 | Outset_Island | 0h 0m 30s
01/20/2023 01:01 | Outset_Island | 0h 0m 30s
01/20/2023 01:03 | Outset_Island | 0h 0m 32s
01/20/2023 01:10 | Outset_Island | 0h 3m 51s
01/21/2023 12:20 | Outset_Island | 0h 1m 30s
01/21/2023 18:09 | Outset_Island | 0h 1m 34s
01/22/2023 01:22 | Banter_WinterSportResort | 0h 2m 0s
01/22/2023 21:17 | Outset_Island | 0h 2m 15s
01/22/2023 21:29 | Outset_Island | 0h 2m 22s
01/22/2023 23:09 | Outset_Island | 0h 2m 15s
01/22/2023 23:12 | Outset_Island | 0h 2m 13s
01/23/2023 22:59 | Outset_Island | 0h 2m 33s
01/23/2023 23:06 | Outset_Island_Night | 0h 1m 22s
01/23/2023 23:11 | Outset_Island_Night | 0h 1m 18s
01/23/2023 23:15 | Outset_Island_Night | 0h 1m 25s
01/23/2023 23:48 | Outset_Island | 0h 2m 13s
01/24/2023 12:17 | RE4_VIllage | 0h 0m 11s
01/24/2023 12:19 | RE4_VIllage | 0h 0m 11s
01/24/2023 12:21 | RE4_VIllage | 0h 0m 8s
01/24/2023 12:24 | RE4_VIllage | 0h 0m 7s
01/24/2023 12:28 | RE4_VIllage | 0h 1m 8s
01/24/2023 12:33 | RE4_VIllage | 0h 1m 6s
01/24/2023 12:46 | RE4_VIllage | 0h 1m 6s
01/24/2023 12:51 | RE4_VIllage | 0h 1m 6s
01/24/2023 12:53 | RE4_VIllage | 0h 1m 6s
01/24/2023 12:55 | RE4_VIllage | 0h 1m 7s
01/24/2023 20:11 | Outset_Island | 0h 2m 15s
01/25/2023 22:40 | Outset_Island | 0h 2m 11s
01/25/2023 22:50 | Outset_Island | 0h 2m 16s
01/25/2023 23:31 | Outset_Island_Night | 0h 1m 15s
02/14/2023 17:04 | Maze | 0h 0m 14s
02/14/2023 17:23 | Maze | 0h 0m 52s
